<?xml version="1.0" encoding="UTF-8"?>
<!-- Generated by org.testng.reporters.JUnitReportReporter -->
<testsuite hostname="LAPTOP-59FR3IBJ" failures="0" tests="1" name="TestNG_Practicals.Scolling" time="14.637" errors="0" timestamp="2022-08-17T08:39:45 IST" skipped="0">
  <testcase classname="TestNG_Practicals.Scolling" name="m1" time="14.637"/>
  <system-out/>
</testsuite> <!-- TestNG_Practicals.Scolling -->
